<?xml version="1.0" encoding="UTF-8"?>
<coverage generated="1530723549281" clover="3.2.0">
  <project timestamp="1530723549281" name="All files">
    <metrics statements="46" coveredstatements="33" conditionals="22" coveredconditionals="16" methods="24" coveredmethods="16" elements="92" coveredelements="65" complexity="0" loc="46" ncloc="46" packages="4" files="5" classes="5">
      <package name="components">
        <metrics statements="10" coveredstatements="2" conditionals="4" coveredconditionals="2" methods="5" coveredmethods="1"/>
        <file name="App.js" path="/home/isaac/Week-13/FACMatch/src/components/App.js">
          <metrics statements="10" coveredstatements="2" conditionals="4" coveredconditionals="2" methods="5" coveredmethods="1"/>
          <line num="17" count="0" type="stmt"/>
          <line num="35" count="0" type="stmt"/>
          <line num="36" count="0" type="stmt"/>
          <line num="37" count="0" type="stmt"/>
          <line num="39" count="0" type="stmt"/>
          <line num="44" count="0" type="stmt"/>
          <line num="49" count="0" type="stmt"/>
          <line num="54" count="0" type="stmt"/>
          <line num="62" count="4" type="stmt"/>
          <line num="63" count="4" type="stmt"/>
        </file>
      </package>
      <package name="components.Game">
        <metrics statements="28" coveredstatements="28" conditionals="16" coveredconditionals="14" methods="14" coveredmethods="14"/>
        <file name="Game.js" path="/home/isaac/Week-13/FACMatch/src/components/Game/Game.js">
          <metrics statements="28" coveredstatements="28" conditionals="16" coveredconditionals="14" methods="14" coveredmethods="14"/>
          <line num="10" count="5" type="stmt"/>
          <line num="11" count="5" type="stmt"/>
          <line num="12" count="20" type="stmt"/>
          <line num="13" count="20" type="stmt"/>
          <line num="14" count="20" type="stmt"/>
          <line num="16" count="5" type="stmt"/>
          <line num="20" count="8" type="stmt"/>
          <line num="21" count="8" type="cond" truecount="1" falsecount="1"/>
          <line num="22" count="8" type="cond" truecount="2" falsecount="0"/>
          <line num="23" count="1" type="stmt"/>
          <line num="27" count="7" type="stmt"/>
          <line num="28" count="28" type="cond" truecount="2" falsecount="0"/>
          <line num="30" count="7" type="cond" truecount="2" falsecount="0"/>
          <line num="31" count="1" type="stmt"/>
          <line num="32" count="4" type="cond" truecount="1" falsecount="1"/>
          <line num="33" count="4" type="stmt"/>
          <line num="39" count="7" type="stmt"/>
          <line num="40" count="7" type="stmt"/>
          <line num="44" count="7" type="stmt"/>
          <line num="45" count="7" type="stmt"/>
          <line num="46" count="7" type="cond" truecount="4" falsecount="0"/>
          <line num="47" count="2" type="stmt"/>
          <line num="52" count="2" type="stmt"/>
          <line num="65" count="20" type="stmt"/>
          <line num="66" count="20" type="stmt"/>
          <line num="69" count="60" type="stmt"/>
          <line num="72" count="8" type="stmt"/>
          <line num="89" count="2" type="stmt"/>
        </file>
      </package>
      <package name="components.Header">
        <metrics statements="3" coveredstatements="3" conditionals="0" coveredconditionals="0" methods="1" coveredmethods="1"/>
        <file name="Header.js" path="/home/isaac/Week-13/FACMatch/src/components/Header/Header.js">
          <metrics statements="3" coveredstatements="3" conditionals="0" coveredconditionals="0" methods="1" coveredmethods="1"/>
          <line num="6" count="2" type="stmt"/>
          <line num="7" count="5" type="stmt"/>
          <line num="24" count="2" type="stmt"/>
        </file>
      </package>
      <package name="utils">
        <metrics statements="5" coveredstatements="0" conditionals="2" coveredconditionals="0" methods="4" coveredmethods="0"/>
        <file name="getUserData.js" path="/home/isaac/Week-13/FACMatch/src/utils/getUserData.js">
          <metrics statements="4" coveredstatements="0" conditionals="2" coveredconditionals="0" methods="2" coveredmethods="0"/>
          <line num="2" count="0" type="stmt"/>
          <line num="3" count="0" type="cond" truecount="0" falsecount="2"/>
          <line num="4" count="0" type="stmt"/>
          <line num="6" count="0" type="stmt"/>
        </file>
        <file name="shuffleArray.js" path="/home/isaac/Week-13/FACMatch/src/utils/shuffleArray.js">
          <metrics statements="1" coveredstatements="0" conditionals="0" coveredconditionals="0" methods="2" coveredmethods="0"/>
          <line num="1" count="0" type="stmt"/>
        </file>
      </package>
    </metrics>
  </project>
</coverage>
