{"/home/isaac/Week-13/FACMatch/src/components/App.js": {"path":"/home/isaac/Week-13/FACMatch/src/components/App.js","statementMap":{"0":{"start":{"line":17,"column":20},"end":{"line":34,"column":5}},"1":{"start":{"line":35,"column":4},"end":{"line":35,"column":46}},"2":{"start":{"line":36,"column":4},"end":{"line":58,"column":7}},"3":{"start":{"line":37,"column":6},"end":{"line":57,"column":11}},"4":{"start":{"line":39,"column":26},"end":{"line":43,"column":11}},"5":{"start":{"line":44,"column":26},"end":{"line":48,"column":11}},"6":{"start":{"line":49,"column":10},"end":{"line":51,"column":13}},"7":{"start":{"line":54,"column":10},"end":{"line":56,"column":13}},"8":{"start":{"line":62,"column":25},"end":{"line":62,"column":35}},"9":{"start":{"line":63,"column":4},"end":{"line":69,"column":6}}},"fnMap":{"0":{"name":"(anonymous_0)","decl":{"start":{"line":16,"column":10},"end":{"line":16,"column":11}},"loc":{"start":{"line":16,"column":16},"end":{"line":59,"column":3}},"line":16},"1":{"name":"(anonymous_1)","decl":{"start":{"line":36,"column":22},"end":{"line":36,"column":23}},"loc":{"start":{"line":36,"column":34},"end":{"line":58,"column":5}},"line":36},"2":{"name":"(anonymous_2)","decl":{"start":{"line":38,"column":14},"end":{"line":38,"column":15}},"loc":{"start":{"line":38,"column":21},"end":{"line":52,"column":9}},"line":38},"3":{"name":"(anonymous_3)","decl":{"start":{"line":53,"column":15},"end":{"line":53,"column":16}},"loc":{"start":{"line":53,"column":22},"end":{"line":57,"column":9}},"line":53},"4":{"name":"(anonymous_4)","decl":{"start":{"line":61,"column":2},"end":{"line":61,"column":3}},"loc":{"start":{"line":61,"column":11},"end":{"line":70,"column":3}},"line":61}},"branchMap":{"0":{"loc":{"start":{"line":66,"column":9},"end":{"line":66,"column":54}},"type":"cond-expr","locations":[{"start":{"line":66,"column":29},"end":{"line":66,"column":47}},{"start":{"line":66,"column":50},"end":{"line":66,"column":54}}],"line":66},"1":{"loc":{"start":{"line":67,"column":9},"end":{"line":67,"column":52}},"type":"cond-expr","locations":[{"start":{"line":67,"column":27},"end":{"line":67,"column":45}},{"start":{"line":67,"column":48},"end":{"line":67,"column":52}}],"line":67}},"s":{"0":0,"1":0,"2":0,"3":0,"4":0,"5":0,"6":0,"7":0,"8":4,"9":4},"f":{"0":0,"1":0,"2":0,"3":0,"4":4},"b":{"0":[0,4],"1":[0,4]},"_coverageSchema":"332fd63041d2c1bcb487cc26dd0d5f7d97098a6c","hash":"8bea1c645656b422536a5bb1f54dff0d48853922"}
,"/home/isaac/Week-13/FACMatch/src/components/Game/Game.js": {"path":"/home/isaac/Week-13/FACMatch/src/components/Game/Game.js","statementMap":{"0":{"start":{"line":10,"column":21},"end":{"line":10,"column":23}},"1":{"start":{"line":11,"column":4},"end":{"line":15,"column":7}},"2":{"start":{"line":12,"column":6},"end":{"line":12,"column":37}},"3":{"start":{"line":13,"column":6},"end":{"line":13,"column":44}},"4":{"start":{"line":14,"column":6},"end":{"line":14,"column":44}},"5":{"start":{"line":16,"column":4},"end":{"line":16,"column":28}},"6":{"start":{"line":20,"column":17},"end":{"line":20,"column":32}},"7":{"start":{"line":21,"column":4},"end":{"line":61,"column":5}},"8":{"start":{"line":22,"column":6},"end":{"line":60,"column":7}},"9":{"start":{"line":23,"column":8},"end":{"line":25,"column":12}},"10":{"start":{"line":23,"column":36},"end":{"line":25,"column":9}},"11":{"start":{"line":27,"column":22},"end":{"line":29,"column":16}},"12":{"start":{"line":28,"column":17},"end":{"line":28,"column":68}},"13":{"start":{"line":30,"column":8},"end":{"line":38,"column":9}},"14":{"start":{"line":31,"column":10},"end":{"line":37,"column":13}},"15":{"start":{"line":32,"column":12},"end":{"line":36,"column":13}},"16":{"start":{"line":33,"column":14},"end":{"line":35,"column":18}},"17":{"start":{"line":33,"column":42},"end":{"line":35,"column":15}},"18":{"start":{"line":39,"column":8},"end":{"line":59,"column":10}},"19":{"start":{"line":40,"column":24},"end":{"line":42,"column":11}},"20":{"start":{"line":44,"column":29},"end":{"line":44,"column":33}},"21":{"start":{"line":45,"column":26},"end":{"line":45,"column":66}},"22":{"start":{"line":46,"column":12},"end":{"line":57,"column":13}},"23":{"start":{"line":47,"column":14},"end":{"line":51,"column":18}},"24":{"start":{"line":47,"column":42},"end":{"line":51,"column":15}},"25":{"start":{"line":52,"column":14},"end":{"line":56,"column":18}},"26":{"start":{"line":52,"column":42},"end":{"line":56,"column":15}},"27":{"start":{"line":65,"column":22},"end":{"line":65,"column":26}},"28":{"start":{"line":66,"column":4},"end":{"line":85,"column":6}},"29":{"start":{"line":69,"column":10},"end":{"line":82,"column":20}},"30":{"start":{"line":72,"column":27},"end":{"line":72,"column":70}},"31":{"start":{"line":89,"column":0},"end":{"line":91,"column":2}}},"fnMap":{"0":{"name":"(anonymous_0)","decl":{"start":{"line":9,"column":2},"end":{"line":9,"column":3}},"loc":{"start":{"line":9,"column":22},"end":{"line":17,"column":3}},"line":9},"1":{"name":"(anonymous_1)","decl":{"start":{"line":11,"column":27},"end":{"line":11,"column":28}},"loc":{"start":{"line":11,"column":37},"end":{"line":15,"column":5}},"line":11},"2":{"name":"(anonymous_2)","decl":{"start":{"line":19,"column":16},"end":{"line":19,"column":17}},"loc":{"start":{"line":19,"column":23},"end":{"line":62,"column":3}},"line":19},"3":{"name":"(anonymous_3)","decl":{"start":{"line":23,"column":22},"end":{"line":23,"column":23}},"loc":{"start":{"line":23,"column":36},"end":{"line":25,"column":9}},"line":23},"4":{"name":"(anonymous_4)","decl":{"start":{"line":28,"column":10},"end":{"line":28,"column":11}},"loc":{"start":{"line":28,"column":17},"end":{"line":28,"column":68}},"line":28},"5":{"name":"(anonymous_5)","decl":{"start":{"line":31,"column":42},"end":{"line":31,"column":43}},"loc":{"start":{"line":31,"column":49},"end":{"line":37,"column":11}},"line":31},"6":{"name":"(anonymous_6)","decl":{"start":{"line":33,"column":28},"end":{"line":33,"column":29}},"loc":{"start":{"line":33,"column":42},"end":{"line":35,"column":15}},"line":33},"7":{"name":"(anonymous_7)","decl":{"start":{"line":40,"column":10},"end":{"line":40,"column":11}},"loc":{"start":{"line":40,"column":24},"end":{"line":42,"column":11}},"line":40},"8":{"name":"(anonymous_8)","decl":{"start":{"line":43,"column":10},"end":{"line":43,"column":11}},"loc":{"start":{"line":43,"column":16},"end":{"line":58,"column":11}},"line":43},"9":{"name":"(anonymous_9)","decl":{"start":{"line":47,"column":28},"end":{"line":47,"column":29}},"loc":{"start":{"line":47,"column":42},"end":{"line":51,"column":15}},"line":47},"10":{"name":"(anonymous_10)","decl":{"start":{"line":52,"column":28},"end":{"line":52,"column":29}},"loc":{"start":{"line":52,"column":42},"end":{"line":56,"column":15}},"line":52},"11":{"name":"(anonymous_11)","decl":{"start":{"line":64,"column":2},"end":{"line":64,"column":3}},"loc":{"start":{"line":64,"column":11},"end":{"line":86,"column":3}},"line":64},"12":{"name":"(anonymous_12)","decl":{"start":{"line":68,"column":32},"end":{"line":68,"column":33}},"loc":{"start":{"line":69,"column":10},"end":{"line":82,"column":20}},"line":69},"13":{"name":"(anonymous_13)","decl":{"start":{"line":72,"column":21},"end":{"line":72,"column":22}},"loc":{"start":{"line":72,"column":27},"end":{"line":72,"column":70}},"line":72}},"branchMap":{"0":{"loc":{"start":{"line":21,"column":4},"end":{"line":61,"column":5}},"type":"if","locations":[{"start":{"line":21,"column":4},"end":{"line":61,"column":5}},{"start":{"line":21,"column":4},"end":{"line":61,"column":5}}],"line":21},"1":{"loc":{"start":{"line":22,"column":6},"end":{"line":60,"column":7}},"type":"if","locations":[{"start":{"line":22,"column":6},"end":{"line":60,"column":7}},{"start":{"line":22,"column":6},"end":{"line":60,"column":7}}],"line":22},"2":{"loc":{"start":{"line":28,"column":17},"end":{"line":28,"column":68}},"type":"binary-expr","locations":[{"start":{"line":28,"column":17},"end":{"line":28,"column":40}},{"start":{"line":28,"column":44},"end":{"line":28,"column":68}}],"line":28},"3":{"loc":{"start":{"line":30,"column":8},"end":{"line":38,"column":9}},"type":"if","locations":[{"start":{"line":30,"column":8},"end":{"line":38,"column":9}},{"start":{"line":30,"column":8},"end":{"line":38,"column":9}}],"line":30},"4":{"loc":{"start":{"line":32,"column":12},"end":{"line":36,"column":13}},"type":"if","locations":[{"start":{"line":32,"column":12},"end":{"line":36,"column":13}},{"start":{"line":32,"column":12},"end":{"line":36,"column":13}}],"line":32},"5":{"loc":{"start":{"line":46,"column":12},"end":{"line":57,"column":13}},"type":"if","locations":[{"start":{"line":46,"column":12},"end":{"line":57,"column":13}},{"start":{"line":46,"column":12},"end":{"line":57,"column":13}}],"line":46},"6":{"loc":{"start":{"line":46,"column":16},"end":{"line":46,"column":69}},"type":"binary-expr","locations":[{"start":{"line":46,"column":16},"end":{"line":46,"column":40}},{"start":{"line":46,"column":44},"end":{"line":46,"column":69}}],"line":46},"7":{"loc":{"start":{"line":74,"column":13},"end":{"line":81,"column":13}},"type":"cond-expr","locations":[{"start":{"line":75,"column":14},"end":{"line":75,"column":73}},{"start":{"line":77,"column":14},"end":{"line":80,"column":16}}],"line":74}},"s":{"0":5,"1":5,"2":20,"3":20,"4":20,"5":5,"6":8,"7":8,"8":8,"9":1,"10":1,"11":7,"12":28,"13":7,"14":1,"15":4,"16":4,"17":4,"18":7,"19":7,"20":7,"21":7,"22":7,"23":2,"24":2,"25":2,"26":2,"27":20,"28":20,"29":60,"30":8,"31":2},"f":{"0":5,"1":20,"2":8,"3":1,"4":28,"5":4,"6":4,"7":7,"8":7,"9":2,"10":2,"11":20,"12":60,"13":8},"b":{"0":[8,0],"1":[1,7],"2":[28,4],"3":[1,6],"4":[4,0],"5":[2,5],"6":[7,7],"7":[12,48]},"_coverageSchema":"332fd63041d2c1bcb487cc26dd0d5f7d97098a6c","hash":"6ab67d0092a26da9fb75e355b939d631dc862773"}
,"/home/isaac/Week-13/FACMatch/src/components/Header/Header.js": {"path":"/home/isaac/Week-13/FACMatch/src/components/Header/Header.js","statementMap":{"0":{"start":{"line":6,"column":15},"end":{"line":22,"column":1}},"1":{"start":{"line":7,"column":2},"end":{"line":21,"column":11}},"2":{"start":{"line":24,"column":0},"end":{"line":26,"column":2}}},"fnMap":{"0":{"name":"(anonymous_0)","decl":{"start":{"line":6,"column":15},"end":{"line":6,"column":16}},"loc":{"start":{"line":7,"column":2},"end":{"line":21,"column":11}},"line":7}},"branchMap":{},"s":{"0":2,"1":5,"2":2},"f":{"0":5},"b":{},"_coverageSchema":"332fd63041d2c1bcb487cc26dd0d5f7d97098a6c","hash":"e922cd0a9efa46a2de3f0e607b3ad126eba643ba"}
,"/home/isaac/Week-13/FACMatch/src/utils/getUserData.js": {"path":"/home/isaac/Week-13/FACMatch/src/utils/getUserData.js","statementMap":{"0":{"start":{"line":2,"column":2},"end":{"line":7,"column":5}},"1":{"start":{"line":3,"column":4},"end":{"line":5,"column":5}},"2":{"start":{"line":4,"column":6},"end":{"line":4,"column":48}},"3":{"start":{"line":6,"column":4},"end":{"line":6,"column":27}}},"fnMap":{"0":{"name":"(anonymous_0)","decl":{"start":{"line":1,"column":15},"end":{"line":1,"column":16}},"loc":{"start":{"line":1,"column":22},"end":{"line":8,"column":1}},"line":1},"1":{"name":"(anonymous_1)","decl":{"start":{"line":2,"column":25},"end":{"line":2,"column":26}},"loc":{"start":{"line":2,"column":37},"end":{"line":7,"column":3}},"line":2}},"branchMap":{"0":{"loc":{"start":{"line":3,"column":4},"end":{"line":5,"column":5}},"type":"if","locations":[{"start":{"line":3,"column":4},"end":{"line":5,"column":5}},{"start":{"line":3,"column":4},"end":{"line":5,"column":5}}],"line":3}},"s":{"0":0,"1":0,"2":0,"3":0},"f":{"0":0,"1":0},"b":{"0":[0,0]},"_coverageSchema":"332fd63041d2c1bcb487cc26dd0d5f7d97098a6c","hash":"a6af12084234b200dd7d0febfb106f9c0d71253e"}
,"/home/isaac/Week-13/FACMatch/src/utils/shuffleArray.js": {"path":"/home/isaac/Week-13/FACMatch/src/utils/shuffleArray.js","statementMap":{"0":{"start":{"line":1,"column":22},"end":{"line":1,"column":57}},"1":{"start":{"line":1,"column":37},"end":{"line":1,"column":56}}},"fnMap":{"0":{"name":"(anonymous_0)","decl":{"start":{"line":1,"column":15},"end":{"line":1,"column":16}},"loc":{"start":{"line":1,"column":22},"end":{"line":1,"column":57}},"line":1},"1":{"name":"(anonymous_1)","decl":{"start":{"line":1,"column":31},"end":{"line":1,"column":32}},"loc":{"start":{"line":1,"column":37},"end":{"line":1,"column":56}},"line":1}},"branchMap":{},"s":{"0":0,"1":0},"f":{"0":0,"1":0},"b":{},"_coverageSchema":"332fd63041d2c1bcb487cc26dd0d5f7d97098a6c","hash":"d88473e4e84848d9a977d8939a7308885a2fdbea"}
}
