TN:
SF:/home/isaac/Week-13/FACMatch/src/components/App.js
FN:16,(anonymous_0)
FN:36,(anonymous_1)
FN:38,(anonymous_2)
FN:53,(anonymous_3)
FN:61,(anonymous_4)
FNF:5
FNH:1
FNDA:0,(anonymous_0)
FNDA:0,(anonymous_1)
FNDA:0,(anonymous_2)
FNDA:0,(anonymous_3)
FNDA:4,(anonymous_4)
DA:17,0
DA:35,0
DA:36,0
DA:37,0
DA:39,0
DA:44,0
DA:49,0
DA:54,0
DA:62,4
DA:63,4
LF:10
LH:2
BRDA:66,0,0,0
BRDA:66,0,1,4
BRDA:67,1,0,0
BRDA:67,1,1,4
BRF:4
BRH:2
end_of_record
TN:
SF:/home/isaac/Week-13/FACMatch/src/components/Game/Game.js
FN:9,(anonymous_0)
FN:11,(anonymous_1)
FN:19,(anonymous_2)
FN:23,(anonymous_3)
FN:28,(anonymous_4)
FN:31,(anonymous_5)
FN:33,(anonymous_6)
FN:40,(anonymous_7)
FN:43,(anonymous_8)
FN:47,(anonymous_9)
FN:52,(anonymous_10)
FN:64,(anonymous_11)
FN:68,(anonymous_12)
FN:72,(anonymous_13)
FNF:14
FNH:14
FNDA:5,(anonymous_0)
FNDA:20,(anonymous_1)
FNDA:8,(anonymous_2)
FNDA:1,(anonymous_3)
FNDA:28,(anonymous_4)
FNDA:4,(anonymous_5)
FNDA:4,(anonymous_6)
FNDA:7,(anonymous_7)
FNDA:7,(anonymous_8)
FNDA:2,(anonymous_9)
FNDA:2,(anonymous_10)
FNDA:20,(anonymous_11)
FNDA:60,(anonymous_12)
FNDA:8,(anonymous_13)
DA:10,5
DA:11,5
DA:12,20
DA:13,20
DA:14,20
DA:16,5
DA:20,8
DA:21,8
DA:22,8
DA:23,1
DA:27,7
DA:28,28
DA:30,7
DA:31,1
DA:32,4
DA:33,4
DA:39,7
DA:40,7
DA:44,7
DA:45,7
DA:46,7
DA:47,2
DA:52,2
DA:65,20
DA:66,20
DA:69,60
DA:72,8
DA:89,2
LF:28
LH:28
BRDA:21,0,0,8
BRDA:21,0,1,0
BRDA:22,1,0,1
BRDA:22,1,1,7
BRDA:28,2,0,28
BRDA:28,2,1,4
BRDA:30,3,0,1
BRDA:30,3,1,6
BRDA:32,4,0,4
BRDA:32,4,1,0
BRDA:46,5,0,2
BRDA:46,5,1,5
BRDA:46,6,0,7
BRDA:46,6,1,7
BRDA:74,7,0,12
BRDA:74,7,1,48
BRF:16
BRH:14
end_of_record
TN:
SF:/home/isaac/Week-13/FACMatch/src/components/Header/Header.js
FN:6,(anonymous_0)
FNF:1
FNH:1
FNDA:5,(anonymous_0)
DA:6,2
DA:7,5
DA:24,2
LF:3
LH:3
BRF:0
BRH:0
end_of_record
TN:
SF:/home/isaac/Week-13/FACMatch/src/utils/getUserData.js
FN:1,(anonymous_0)
FN:2,(anonymous_1)
FNF:2
FNH:0
FNDA:0,(anonymous_0)
FNDA:0,(anonymous_1)
DA:2,0
DA:3,0
DA:4,0
DA:6,0
LF:4
LH:0
BRDA:3,0,0,0
BRDA:3,0,1,0
BRF:2
BRH:0
end_of_record
TN:
SF:/home/isaac/Week-13/FACMatch/src/utils/shuffleArray.js
FN:1,(anonymous_0)
FN:1,(anonymous_1)
FNF:2
FNH:0
FNDA:0,(anonymous_0)
FNDA:0,(anonymous_1)
DA:1,0
LF:1
LH:0
BRF:0
BRH:0
end_of_record
